[2025-11-02 12:47:12,098] 148 numexpr.utils  - INFO - Note: NumExpr detected 22 cores but "NUMEXPR_MAX_THREADS" not set, so enforcing safe limit of 16.
[2025-11-02 12:47:12,099] 161 numexpr.utils  - INFO - NumExpr defaulting to 16 threads.
[2025-11-02 12:47:14,185] 15 root  - INFO - Starting data ingestion
[2025-11-02 12:47:16,146] 59 root  - INFO - Performed train test split on the dataframe
[2025-11-02 12:47:16,146] 60 root  - INFO - exited the split_data_as_train_test method of Data Ingestion class
[2025-11-02 12:47:16,146] 63 root  - INFO - exporting train and test file path
[2025-11-02 12:47:16,191] 66 root  - INFO - exported train and test file path
[2025-11-02 12:47:16,191] 18 root  - INFO - Data ingestion completed
[2025-11-02 12:47:16,274] 35 root  - INFO - Column {'having_IP_Address': 'int64'} is missing in the dataframe
[2025-11-02 12:47:16,274] 35 root  - INFO - Column {'having_IP_Address': 'int64'} is missing in the dataframe
[2025-11-02 12:47:16,374] 22 root  - INFO - Data validation completed
[2025-11-02 12:47:16,374] 63 root  - INFO - Entered initiate_data_transformation method of DataTransformation class
[2025-11-02 12:47:16,374] 65 root  - INFO - Starting data transformation
[2025-11-02 12:47:16,439] 48 root  - INFO - Entered get_data_trnasformer_object method of Trnasformation class
[2025-11-02 12:47:16,439] 53 root  - INFO - Initialise KNNImputer with {'missing_values': nan, 'n_neighbors': 3, 'weights': 'uniform'}
[2025-11-02 12:47:16,451] 43 root  - INFO - Entered the save_object method of MainUtils class
[2025-11-02 12:47:16,453] 47 root  - INFO - Exited the save_object method of MainUtils class
[2025-11-02 12:47:16,453] 43 root  - INFO - Entered the save_object method of MainUtils class
[2025-11-02 12:47:16,455] 47 root  - INFO - Exited the save_object method of MainUtils class
[2025-11-02 12:47:16,456] 28 root  - INFO - Data transformation completed
