[2025-11-02 20:09:40,290] 148 numexpr.utils  - INFO - Note: NumExpr detected 22 cores but "NUMEXPR_MAX_THREADS" not set, so enforcing safe limit of 16.
[2025-11-02 20:09:40,290] 161 numexpr.utils  - INFO - NumExpr defaulting to 16 threads.
[2025-11-02 20:09:52,634] 1025 httpx  - INFO - HTTP Request: POST https://dagshub.com/login/oauth/middleman "HTTP/1.1 200 OK"
[2025-11-02 20:09:53,257] 1025 httpx  - INFO - HTTP Request: POST https://dagshub.com/login/oauth/access_token "HTTP/1.1 200 OK"
[2025-11-02 20:09:54,271] 1025 httpx  - INFO - HTTP Request: GET https://dagshub.com/api/v1/user "HTTP/1.1 200 OK"
[2025-11-02 20:09:54,278] 107 dagshub  - INFO - Accessing as arnabdas1999
[2025-11-02 20:09:55,502] 1025 httpx  - INFO - HTTP Request: GET https://dagshub.com/api/v1/repos/arnabdas1999/MLOPS-Project "HTTP/1.1 200 OK"
[2025-11-02 20:09:56,331] 1025 httpx  - INFO - HTTP Request: GET https://dagshub.com/api/v1/user "HTTP/1.1 200 OK"
[2025-11-02 20:09:56,333] 107 dagshub  - INFO - Initialized MLflow to track repo "arnabdas1999/MLOPS-Project"
[2025-11-02 20:09:56,334] 107 dagshub  - INFO - Repository arnabdas1999/MLOPS-Project initialized!
[2025-11-02 20:09:56,700] 16 root  - INFO - Starting data ingestion
[2025-11-02 20:09:59,117] 59 root  - INFO - Performed train test split on the dataframe
[2025-11-02 20:09:59,117] 60 root  - INFO - exited the split_data_as_train_test method of Data Ingestion class
[2025-11-02 20:09:59,118] 63 root  - INFO - exporting train and test file path
[2025-11-02 20:09:59,159] 66 root  - INFO - exported train and test file path
[2025-11-02 20:09:59,159] 19 root  - INFO - Data ingestion completed
[2025-11-02 20:09:59,252] 35 root  - INFO - Column {'having_IP_Address': 'int64'} is missing in the dataframe
[2025-11-02 20:09:59,252] 35 root  - INFO - Column {'having_IP_Address': 'int64'} is missing in the dataframe
[2025-11-02 20:09:59,351] 23 root  - INFO - Data validation completed
[2025-11-02 20:09:59,351] 63 root  - INFO - Entered initiate_data_transformation method of DataTransformation class
[2025-11-02 20:09:59,351] 65 root  - INFO - Starting data transformation
[2025-11-02 20:09:59,416] 48 root  - INFO - Entered get_data_trnasformer_object method of Trnasformation class
[2025-11-02 20:09:59,416] 53 root  - INFO - Initialise KNNImputer with {'missing_values': nan, 'n_neighbors': 3, 'weights': 'uniform'}
[2025-11-02 20:09:59,425] 43 root  - INFO - Entered the save_object method of MainUtils class
[2025-11-02 20:09:59,428] 47 root  - INFO - Exited the save_object method of MainUtils class
[2025-11-02 20:09:59,428] 43 root  - INFO - Entered the save_object method of MainUtils class
[2025-11-02 20:09:59,430] 47 root  - INFO - Exited the save_object method of MainUtils class
[2025-11-02 20:09:59,432] 29 root  - INFO - Data transformation completed
[2025-11-02 20:09:59,432] 30 root  - INFO - Model Training sstared
