[2025-11-02 20:34:35,868] 148 numexpr.utils  - INFO - Note: NumExpr detected 22 cores but "NUMEXPR_MAX_THREADS" not set, so enforcing safe limit of 16.
[2025-11-02 20:34:35,868] 161 numexpr.utils  - INFO - NumExpr defaulting to 16 threads.
[2025-11-02 20:34:39,653] 1025 httpx  - INFO - HTTP Request: GET https://dagshub.com/api/v1/user "HTTP/1.1 200 OK"
[2025-11-02 20:34:39,658] 107 dagshub  - INFO - Accessing as arnabdas1999
[2025-11-02 20:34:40,151] 1025 httpx  - INFO - HTTP Request: GET https://dagshub.com/api/v1/repos/arnabdas1999/MLOPS-Project "HTTP/1.1 200 OK"
[2025-11-02 20:34:40,569] 1025 httpx  - INFO - HTTP Request: GET https://dagshub.com/api/v1/user "HTTP/1.1 200 OK"
[2025-11-02 20:34:40,571] 107 dagshub  - INFO - Initialized MLflow to track repo "arnabdas1999/MLOPS-Project"
[2025-11-02 20:34:40,571] 107 dagshub  - INFO - Repository arnabdas1999/MLOPS-Project initialized!
[2025-11-02 20:34:40,880] 16 root  - INFO - Starting data ingestion
[2025-11-02 20:34:44,163] 59 root  - INFO - Performed train test split on the dataframe
[2025-11-02 20:34:44,163] 60 root  - INFO - exited the split_data_as_train_test method of Data Ingestion class
[2025-11-02 20:34:44,164] 63 root  - INFO - exporting train and test file path
[2025-11-02 20:34:44,225] 66 root  - INFO - exported train and test file path
[2025-11-02 20:34:44,226] 19 root  - INFO - Data ingestion completed
[2025-11-02 20:34:44,321] 35 root  - INFO - Column {'having_IP_Address': 'int64'} is missing in the dataframe
[2025-11-02 20:34:44,321] 35 root  - INFO - Column {'having_IP_Address': 'int64'} is missing in the dataframe
[2025-11-02 20:34:44,483] 23 root  - INFO - Data validation completed
[2025-11-02 20:34:44,483] 63 root  - INFO - Entered initiate_data_transformation method of DataTransformation class
[2025-11-02 20:34:44,483] 65 root  - INFO - Starting data transformation
[2025-11-02 20:34:44,566] 48 root  - INFO - Entered get_data_trnasformer_object method of Trnasformation class
[2025-11-02 20:34:44,566] 53 root  - INFO - Initialise KNNImputer with {'missing_values': nan, 'n_neighbors': 3, 'weights': 'uniform'}
[2025-11-02 20:34:44,585] 45 root  - INFO - Entered the save_object method of MainUtils class
[2025-11-02 20:34:44,588] 49 root  - INFO - Exited the save_object method of MainUtils class
[2025-11-02 20:34:44,588] 45 root  - INFO - Entered the save_object method of MainUtils class
[2025-11-02 20:34:44,593] 49 root  - INFO - Exited the save_object method of MainUtils class
[2025-11-02 20:34:44,595] 29 root  - INFO - Data transformation completed
[2025-11-02 20:34:44,595] 30 root  - INFO - Model Training sstared
[2025-11-02 20:38:32,513] 45 root  - INFO - Entered the save_object method of MainUtils class
[2025-11-02 20:38:32,514] 49 root  - INFO - Exited the save_object method of MainUtils class
[2025-11-02 20:38:32,514] 45 root  - INFO - Entered the save_object method of MainUtils class
[2025-11-02 20:38:32,585] 49 root  - INFO - Exited the save_object method of MainUtils class
[2025-11-02 20:38:32,586] 151 root  - INFO - Model trainer artifact: ModelTrainerArtifact(trained_model_file_path='artifacts\\11_02_2025_20_34_40\\model_trainer\\trained_model\\model.pkl', train_metric_artifact=ClassificationMetricArtifact(f1_score=0.991560752414845, precision_score=0.9884451652138658, recall_score=0.9946960424316605), test_metric_artifact=ClassificationMetricArtifact(f1_score=0.9711804184761152, precision_score=0.9624413145539906, recall_score=0.9800796812749004))
[2025-11-02 20:38:32,591] 35 root  - INFO - Model Training artifact created
