[2025-11-02 20:12:04,257] 148 numexpr.utils  - INFO - Note: NumExpr detected 22 cores but "NUMEXPR_MAX_THREADS" not set, so enforcing safe limit of 16.
[2025-11-02 20:12:04,258] 161 numexpr.utils  - INFO - NumExpr defaulting to 16 threads.
[2025-11-02 20:12:08,464] 1025 httpx  - INFO - HTTP Request: GET https://dagshub.com/api/v1/user "HTTP/1.1 200 OK"
[2025-11-02 20:12:08,471] 107 dagshub  - INFO - Accessing as arnabdas1999
[2025-11-02 20:12:09,098] 1025 httpx  - INFO - HTTP Request: GET https://dagshub.com/api/v1/repos/arnabdas1999/MLOPS-Project "HTTP/1.1 200 OK"
[2025-11-02 20:12:09,547] 1025 httpx  - INFO - HTTP Request: GET https://dagshub.com/api/v1/user "HTTP/1.1 200 OK"
[2025-11-02 20:12:09,548] 107 dagshub  - INFO - Initialized MLflow to track repo "arnabdas1999/MLOPS-Project"
[2025-11-02 20:12:09,549] 107 dagshub  - INFO - Repository arnabdas1999/MLOPS-Project initialized!
[2025-11-02 20:12:09,901] 16 root  - INFO - Starting data ingestion
[2025-11-02 20:12:14,071] 59 root  - INFO - Performed train test split on the dataframe
[2025-11-02 20:12:14,072] 60 root  - INFO - exited the split_data_as_train_test method of Data Ingestion class
[2025-11-02 20:12:14,072] 63 root  - INFO - exporting train and test file path
[2025-11-02 20:12:14,113] 66 root  - INFO - exported train and test file path
[2025-11-02 20:12:14,114] 19 root  - INFO - Data ingestion completed
[2025-11-02 20:12:14,193] 35 root  - INFO - Column {'having_IP_Address': 'int64'} is missing in the dataframe
[2025-11-02 20:12:14,193] 35 root  - INFO - Column {'having_IP_Address': 'int64'} is missing in the dataframe
[2025-11-02 20:12:14,294] 23 root  - INFO - Data validation completed
[2025-11-02 20:12:14,294] 63 root  - INFO - Entered initiate_data_transformation method of DataTransformation class
[2025-11-02 20:12:14,295] 65 root  - INFO - Starting data transformation
[2025-11-02 20:12:14,389] 48 root  - INFO - Entered get_data_trnasformer_object method of Trnasformation class
[2025-11-02 20:12:14,389] 53 root  - INFO - Initialise KNNImputer with {'missing_values': nan, 'n_neighbors': 3, 'weights': 'uniform'}
[2025-11-02 20:12:14,398] 45 root  - INFO - Entered the save_object method of MainUtils class
[2025-11-02 20:12:14,402] 49 root  - INFO - Exited the save_object method of MainUtils class
[2025-11-02 20:12:14,402] 45 root  - INFO - Entered the save_object method of MainUtils class
[2025-11-02 20:12:14,404] 49 root  - INFO - Exited the save_object method of MainUtils class
[2025-11-02 20:12:14,405] 29 root  - INFO - Data transformation completed
[2025-11-02 20:12:14,405] 30 root  - INFO - Model Training sstared
